#
# There is insufficient memory for the Java Runtime Environment to continue.
# Native memory allocation (malloc) failed to allocate 32744 bytes for ChunkPool::allocate
# Possible reasons:
#   The system is out of physical RAM or swap space
#   The process is running with CompressedOops enabled, and the Java Heap may be blocking the growth of the native heap
# Possible solutions:
#   Reduce memory load on the system
#   Increase physical memory or swap space
#   Check if swap backing store is full
#   Decrease Java heap size (-Xmx/-Xms)
#   Decrease number of Java threads
#   Decrease Java thread stack sizes (-Xss)
#   Set larger code cache with -XX:ReservedCodeCacheSize=
#   JVM is running with Unscaled Compressed Oops mode in which the Java heap is
#     placed in the first 4GB address space. The Java Heap base address is the
#     maximum limit for the native heap growth. Please use -XX:HeapBaseMinAddress
#     to set the Java Heap base and to place the Java Heap above 4GB virtual address.
# This output file may be truncated or incomplete.
#
#  Out of Memory Error (allocation.cpp:272), pid=22700, tid=0x00000000000001b4
#
# JRE version: OpenJDK Runtime Environment (8.0_242-b01) (build 1.8.0_242-release-1644-b01)
# Java VM: OpenJDK 64-Bit Server VM (25.242-b01 mixed mode windows-amd64 compressed oops)
# Failed to write core dump. Minidumps are not enabled by default on client versions of Windows
#

---------------  T H R E A D  ---------------

Current thread (0x000000001994f000):  JavaThread "C2 CompilerThread1" daemon [_thread_in_native, id=436, stack(0x000000001b0a0000,0x000000001b1a0000)]

Stack: [0x000000001b0a0000,0x000000001b1a0000]
[error occurred during error reporting (printing stack bounds), id 0xc0000005]

Native frames: (J=compiled Java code, j=interpreted, Vv=VM code, C=native code)


Current CompileTask:
C2:2161024 20312       4       org.objectweb.asm.ClassReader::readCode (5089 bytes)


---------------  P R O C E S S  ---------------

Java Threads: ( => current thread )
  0x000000001c6d3000 JavaThread "WorkerExecutor Queue Thread 12" [_thread_blocked, id=23968, stack(0x000000002e730000,0x000000002e830000)]
  0x000000001c6d4000 JavaThread "WorkerExecutor Queue Thread 11" [_thread_blocked, id=13168, stack(0x000000002e030000,0x000000002e130000)]
  0x000000001c6cb000 JavaThread "ForkJoinPool.commonPool-worker-10" daemon [_thread_blocked, id=13908, stack(0x000000002df30000,0x000000002e030000)]
  0x000000001cf28800 JavaThread "ForkJoinPool.commonPool-worker-1" daemon [_thread_blocked, id=22260, stack(0x000000002de30000,0x000000002df30000)]
  0x000000001cf26800 JavaThread "ForkJoinPool.commonPool-worker-8" daemon [_thread_blocked, id=2240, stack(0x000000002dd30000,0x000000002de30000)]
  0x000000001cf25800 JavaThread "ForkJoinPool.commonPool-worker-15" daemon [_thread_blocked, id=20352, stack(0x000000002dc30000,0x000000002dd30000)]
  0x000000001cf24000 JavaThread "ForkJoinPool.commonPool-worker-6" daemon [_thread_blocked, id=15084, stack(0x000000002db30000,0x000000002dc30000)]
  0x000000001cf23000 JavaThread "ForkJoinPool.commonPool-worker-13" daemon [_thread_blocked, id=14944, stack(0x000000002da30000,0x000000002db30000)]
  0x000000001cf22800 JavaThread "ForkJoinPool.commonPool-worker-11" daemon [_thread_blocked, id=24072, stack(0x000000002d830000,0x000000002d930000)]
  0x000000001cf27000 JavaThread "ForkJoinPool.commonPool-worker-2" daemon [_thread_blocked, id=3872, stack(0x000000002d730000,0x000000002d830000)]
  0x000000001cf25000 JavaThread "ForkJoinPool.commonPool-worker-9" daemon [_thread_blocked, id=3896, stack(0x000000002d630000,0x000000002d730000)]
  0x0000000020b82000 JavaThread "WorkerExecutor Queue Thread 10" [_thread_blocked, id=23392, stack(0x000000002d530000,0x000000002d630000)]
  0x0000000020b83000 JavaThread "stdout" [_thread_in_native, id=24176, stack(0x000000002d230000,0x000000002d330000)]
  0x0000000020b87800 JavaThread "stderr" [_thread_in_native, id=8448, stack(0x000000002d130000,0x000000002d230000)]
  0x0000000020b86000 JavaThread "stdout" [_thread_in_native, id=20780, stack(0x000000002d030000,0x000000002d130000)]
  0x0000000020b83800 JavaThread "stderr" [_thread_in_native, id=3492, stack(0x000000002cf30000,0x000000002d030000)]
  0x0000000020b85000 JavaThread "stdout" [_thread_in_native, id=4964, stack(0x000000002ce30000,0x000000002cf30000)]
  0x0000000020b86800 JavaThread "stderr" [_thread_in_native, id=19220, stack(0x000000002c2e0000,0x000000002c3e0000)]
  0x0000000020b81000 JavaThread "stdout" [_thread_in_native, id=23140, stack(0x000000002cd30000,0x000000002ce30000)]
  0x0000000020b84800 JavaThread "stderr" [_thread_in_native, id=24144, stack(0x000000002cc30000,0x000000002cd30000)]
  0x00000000216b7800 JavaThread "stdout" [_thread_in_native, id=14444, stack(0x000000002cb30000,0x000000002cc30000)]
  0x00000000216b4800 JavaThread "stderr" [_thread_in_native, id=3936, stack(0x000000002ca30000,0x000000002cb30000)]
  0x00000000216b6800 JavaThread "stdout" [_thread_in_native, id=2256, stack(0x000000002c930000,0x000000002ca30000)]
  0x00000000216b6000 JavaThread "stderr" [_thread_in_native, id=15136, stack(0x000000002c830000,0x000000002c930000)]
  0x00000000216b5000 JavaThread "stdout" [_thread_in_native, id=9260, stack(0x000000002c730000,0x000000002c830000)]
  0x00000000216b3800 JavaThread "stderr" [_thread_in_native, id=18408, stack(0x000000002c630000,0x000000002c730000)]
  0x00000000216b3000 JavaThread "stdout" [_thread_in_native, id=6952, stack(0x000000002c530000,0x000000002c630000)]
  0x00000000216b2000 JavaThread "stderr" [_thread_in_native, id=14416, stack(0x000000002c430000,0x000000002c530000)]
  0x00000000216aa800 JavaThread "pool-4-thread-1" [_thread_blocked, id=21792, stack(0x000000002c1e0000,0x000000002c2e0000)]
  0x00000000216ad800 JavaThread "WorkerExecutor Queue Thread 9" [_thread_blocked, id=7156, stack(0x000000002c0e0000,0x000000002c1e0000)]
  0x00000000216b0800 JavaThread "WorkerExecutor Queue Thread 8" [_thread_blocked, id=21764, stack(0x000000002bfe0000,0x000000002c0e0000)]
  0x00000000216b0000 JavaThread "WorkerExecutor Queue Thread 7" [_thread_blocked, id=22932, stack(0x000000002bee0000,0x000000002bfe0000)]
  0x00000000216a9000 JavaThread "WorkerExecutor Queue Thread 6" [_thread_blocked, id=21408, stack(0x000000002bde0000,0x000000002bee0000)]
  0x00000000216a8800 JavaThread "WorkerExecutor Queue Thread 5" [_thread_blocked, id=7460, stack(0x000000002bce0000,0x000000002bde0000)]
  0x00000000216ac000 JavaThread "WorkerExecutor Queue Thread 4" [_thread_blocked, id=5664, stack(0x000000002bbe0000,0x000000002bce0000)]
  0x00000000216ab800 JavaThread "WorkerExecutor Queue Thread 3" [_thread_blocked, id=7440, stack(0x000000002bae0000,0x000000002bbe0000)]
  0x00000000216af000 JavaThread "WorkerExecutor Queue Thread 2" [_thread_blocked, id=18596, stack(0x000000002b9e0000,0x000000002bae0000)]
  0x000000001cad2000 JavaThread "WorkerExecutor Queue" [_thread_blocked, id=18676, stack(0x000000002b6e0000,0x000000002b7e0000)]
  0x000000001cad0800 JavaThread "Cache worker for execution history cache (C:\Users\Divya Rustagi\AndroidStudioProjects\SimpleTodo\.gradle\6.1.1\executionHistory)" [_thread_blocked, id=23188, stack(0x000000002b5e0000,0x000000002b6e0000)]
  0x000000001cacf800 JavaThread "Execution worker for ':' Thread 11" [_thread_blocked, id=1264, stack(0x000000002b4e0000,0x000000002b5e0000)]
  0x000000001cad5000 JavaThread "Execution worker for ':' Thread 10" [_thread_blocked, id=18712, stack(0x000000002b3e0000,0x000000002b4e0000)]
  0x000000001cad4000 JavaThread "Execution worker for ':' Thread 9" [_thread_blocked, id=2608, stack(0x000000002b2e0000,0x000000002b3e0000)]
  0x000000001cad3800 JavaThread "Execution worker for ':' Thread 8" [_thread_blocked, id=18548, stack(0x000000002b1e0000,0x000000002b2e0000)]
  0x000000001cacf000 JavaThread "Execution worker for ':' Thread 7" [_thread_blocked, id=1612, stack(0x000000002b0e0000,0x000000002b1e0000)]
  0x000000001cad2800 JavaThread "Execution worker for ':' Thread 6" [_thread_blocked, id=9804, stack(0x000000002afe0000,0x000000002b0e0000)]
  0x000000001cad1000 JavaThread "Execution worker for ':' Thread 5" [_thread_blocked, id=2364, stack(0x000000002aee0000,0x000000002afe0000)]
  0x000000001cac7800 JavaThread "Execution worker for ':' Thread 4" [_thread_blocked, id=21188, stack(0x000000002ade0000,0x000000002aee0000)]
  0x000000001cacc800 JavaThread "Execution worker for ':' Thread 3" [_thread_blocked, id=23344, stack(0x000000002ace0000,0x000000002ade0000)]
  0x000000001cace000 JavaThread "Execution worker for ':' Thread 2" [_thread_in_Java, id=4452, stack(0x000000002abe0000,0x000000002ace0000)]
  0x000000001cacc000 JavaThread "Execution worker for ':'" [_thread_blocked, id=23488, stack(0x000000002aae0000,0x000000002abe0000)]
  0x000000001cacb000 JavaThread "Cache worker for file content cache (C:\Users\Divya Rustagi\AndroidStudioProjects\SimpleTodo\.gradle\6.1.1\fileContent)" [_thread_blocked, id=14268, stack(0x000000002a9e0000,0x000000002aae0000)]
  0x000000001cac9000 JavaThread "Cache worker for file content cache (C:\Users\Divya Rustagi\.gradle\caches\6.1.1\fileContent)" [_thread_blocked, id=1180, stack(0x000000002a8e0000,0x000000002a9e0000)]
  0x000000001caca800 JavaThread "Memory manager" [_thread_blocked, id=708, stack(0x0000000028c50000,0x0000000028d50000)]
  0x000000001cac6800 JavaThread "Cache worker for Build Output Cleanup Cache (C:\Users\Divya Rustagi\AndroidStudioProjects\SimpleTodo\.gradle\buildOutputCleanup)" [_thread_blocked, id=3032, stack(0x0000000027d50000,0x0000000027e50000)]
  0x000000001cac9800 JavaThread "pool-3-thread-1" [_thread_blocked, id=7840, stack(0x0000000027a50000,0x0000000027b50000)]
  0x000000001cacd800 JavaThread "Build operations Thread 12" [_thread_blocked, id=4716, stack(0x00000000273b0000,0x00000000274b0000)]
  0x000000001cac8000 JavaThread "Build operations Thread 11" [_thread_blocked, id=16856, stack(0x0000000026cb0000,0x0000000026db0000)]
  0x000000001cac6000 JavaThread "Build operations Thread 10" [_thread_blocked, id=12536, stack(0x0000000026bb0000,0x0000000026cb0000)]
  0x000000001d87c800 JavaThread "Build operations Thread 9" [_thread_blocked, id=12540, stack(0x0000000026ab0000,0x0000000026bb0000)]
  0x000000001d87b000 JavaThread "Build operations Thread 8" [_thread_blocked, id=17716, stack(0x00000000269b0000,0x0000000026ab0000)]
  0x000000001d881000 JavaThread "Build operations Thread 7" [_thread_blocked, id=8372, stack(0x00000000268b0000,0x00000000269b0000)]
  0x000000001d87f800 JavaThread "Build operations Thread 6" [_thread_blocked, id=18168, stack(0x00000000267b0000,0x00000000268b0000)]
  0x000000001f630000 JavaThread "Build operations Thread 5" [_thread_blocked, id=16760, stack(0x00000000266b0000,0x00000000267b0000)]
  0x000000001f630800 JavaThread "Build operations Thread 4" [_thread_blocked, id=5192, stack(0x00000000265b0000,0x00000000266b0000)]
  0x000000001f62f000 JavaThread "Build operations Thread 3" [_thread_blocked, id=1496, stack(0x00000000264b0000,0x00000000265b0000)]
  0x000000001f62e800 JavaThread "Build operations Thread 2" [_thread_blocked, id=5128, stack(0x0000000024eb0000,0x0000000024fb0000)]
  0x000000001f62d000 JavaThread "Build operations" [_thread_blocked, id=6748, stack(0x0000000024db0000,0x0000000024eb0000)]
  0x000000001f62d800 JavaThread "Cache worker for cache directory md-rule (C:\Users\Divya Rustagi\.gradle\caches\6.1.1\md-rule)" [_thread_blocked, id=24140, stack(0x00000000230c0000,0x00000000231c0000)]
  0x000000001f624800 JavaThread "Cache worker for cache directory md-supplier (C:\Users\Divya Rustagi\.gradle\caches\6.1.1\md-supplier)" [_thread_blocked, id=4044, stack(0x0000000021a80000,0x0000000021b80000)]
  0x000000001f62b800 JavaThread "Cache worker for file hash cache (C:\Users\Divya Rustagi\AndroidStudioProjects\SimpleTodo\.gradle\6.1.1\fileHashes)" [_thread_blocked, id=20732, stack(0x0000000021980000,0x0000000021a80000)]
  0x000000001f62a800 JavaThread "Cache worker for checksums cache (C:\Users\Divya Rustagi\AndroidStudioProjects\SimpleTodo\.gradle\checksums)" [_thread_blocked, id=14676, stack(0x000000001efe0000,0x000000001f0e0000)]
  0x000000001f62a000 JavaThread "Thread-36" [_thread_blocked, id=9728, stack(0x000000001ece0000,0x000000001ede0000)]
  0x000000001f622800 JavaThread "Stdin handler" [_thread_blocked, id=2996, stack(0x000000001eae0000,0x000000001ebe0000)]
  0x000000001f629000 JavaThread "Asynchronous log dispatcher for DefaultDaemonConnection: socket connection from /127.0.0.1:62910 to /127.0.0.1:63118" [_thread_blocked, id=336, stack(0x000000001e7e0000,0x000000001e8e0000)]
  0x000000001f627000 JavaThread "Daemon worker Thread 2" [_thread_blocked, id=20376, stack(0x000000001e6e0000,0x000000001e7e0000)]
  0x000000001f625800 JavaThread "Cancel handler" [_thread_blocked, id=12548, stack(0x00000000012f0000,0x00000000013f0000)]
  0x000000001f623000 JavaThread "Handler for socket connection from /127.0.0.1:62910 to /127.0.0.1:63118" [_thread_in_native, id=23436, stack(0x00000000011f0000,0x00000000012f0000)]
  0x000000001f624000 JavaThread "Daemon Thread 2" [_thread_blocked, id=16332, stack(0x00000000010f0000,0x00000000011f0000)]
  0x000000001d87a000 JavaThread "Cache worker for execution history cache (C:\Users\Divya Rustagi\.gradle\caches\6.1.1\executionHistory)" [_thread_blocked, id=16952, stack(0x0000000022bc0000,0x0000000022cc0000)]
  0x000000001d87e800 JavaThread "Cache worker for file hash cache (C:\Users\Divya Rustagi\.gradle\caches\6.1.1\fileHashes)" [_thread_blocked, id=3024, stack(0x000000001f4e0000,0x000000001f5e0000)]
  0x000000001d880000 JavaThread "File lock request listener" [_thread_in_native, id=13392, stack(0x000000001f3e0000,0x000000001f4e0000)]
  0x000000001b7a8800 JavaThread "Cache worker for journal cache (C:\Users\Divya Rustagi\.gradle\caches\journal-1)" [_thread_blocked, id=2396, stack(0x000000001f2e0000,0x000000001f3e0000)]
  0x000000001d207800 JavaThread "Daemon periodic checks" [_thread_blocked, id=17688, stack(0x000000001e5e0000,0x000000001e6e0000)]
  0x000000001d6f4000 JavaThread "Incoming local TCP Connector on port 62910" [_thread_in_native, id=3840, stack(0x000000001e3a0000,0x000000001e4a0000)]
  0x000000001cfc0000 JavaThread "Daemon health stats" [_thread_blocked, id=21008, stack(0x000000001cd70000,0x000000001ce70000)]
  0x00000000199dc800 JavaThread "Service Thread" daemon [_thread_blocked, id=18908, stack(0x000000001b3a0000,0x000000001b4a0000)]
  0x0000000019955000 JavaThread "C1 CompilerThread3" daemon [_thread_blocked, id=6368, stack(0x000000001b2a0000,0x000000001b3a0000)]
  0x0000000019954800 JavaThread "C2 CompilerThread2" daemon [_thread_in_native, id=18576, stack(0x000000001b1a0000,0x000000001b2a0000)]
=>0x000000001994f000 JavaThread "C2 CompilerThread1" daemon [_thread_in_native, id=436, stack(0x000000001b0a0000,0x000000001b1a0000)]
  0x0000000019948000 JavaThread "C2 CompilerThread0" daemon [_thread_in_native, id=8336, stack(0x000000001afa0000,0x000000001b0a0000)]
  0x0000000019945800 JavaThread "Attach Listener" daemon [_thread_blocked, id=23544, stack(0x000000001aea0000,0x000000001afa0000)]
  0x000000001826e800 JavaThread "Signal Dispatcher" daemon [_thread_blocked, id=736, stack(0x000000001ada0000,0x000000001aea0000)]
  0x0000000002fea800 JavaThread "Finalizer" daemon [_thread_blocked, id=3692, stack(0x000000001aba0000,0x000000001aca0000)]
  0x0000000019933000 JavaThread "Reference Handler" daemon [_thread_blocked, id=5096, stack(0x000000001aaa0000,0x000000001aba0000)]
  0x0000000002ef2800 JavaThread "main" [_thread_blocked, id=14224, stack(0x0000000002d20000,0x0000000002e20000)]

Other Threads:
  0x0000000018256000 VMThread [stack: 0x000000001a9a0000,0x000000001aaa0000] [id=16492]
  0x00000000199de000 WatcherThread [stack: 0x000000001b4a0000,0x000000001b5a0000] [id=21020]

VM state:not at safepoint (normal execution)

VM Mutex/Monitor currently owned by a thread: None

heap address: 0x0000000080000000, size: 2048 MB, Compressed Oops mode: 32-bit
Narrow klass base: 0x0000000000000000, Narrow klass shift: 3
Compressed class space size: 1073741824 Address: 0x0000000100000000

Heap:
 PSYoungGen      total 543744K, used 306168K [0x00000000d5580000, 0x00000000f9300000, 0x0000000100000000)
  eden space 521728K, 58% used [0x00000000d5580000,0x00000000e7d5e440,0x00000000f5300000)
  from space 22016K, 14% used [0x00000000f7d80000,0x00000000f809fd10,0x00000000f9300000)
  to   space 32768K, 0% used [0x00000000f5300000,0x00000000f5300000,0x00000000f7300000)
 ParOldGen       total 292864K, used 79737K [0x0000000080000000, 0x0000000091e00000, 0x00000000d5580000)
  object space 292864K, 27% used [0x0000000080000000,0x0000000084dde448,0x0000000091e00000)
 Metaspace       used 101610K, capacity 106266K, committed 108312K, reserved 1142784K
  class space    used 13078K, capacity 13957K, committed 14384K, reserved 1048576K

Card table byte_map: [0x00000000123b0000,0x00000000127c0000] byte_map_base: 0x0000000011fb0000

Marking Bits: (ParMarkBitMap*) 0x000000005b73f030
 Begin Bits: [0x0000000013470000, 0x0000000015470000)
 End Bits:   [0x0000000015470000, 0x0000000017470000)

Polling page: 0x0000000001460000

CodeCache: size=245760Kb used=54577Kb max_used=54591Kb free=191182Kb
 bounds [0x0000000002ff0000, 0x0000000006580000, 0x0000000011ff0000]
 total_blobs=17750 nmethods=16822 adapters=837
 compilation: enabled

Compilation events (10 events):
Event: 2160.767 Thread 0x0000000019955000 20397 %     3       org.objectweb.asm.ClassReader::readParameterAnnotations @ 36 (106 bytes)
Event: 2160.768 Thread 0x0000000019955000 nmethod 20397% 0x0000000006567cd0 code [0x0000000006567ec0, 0x0000000006568898]
Event: 2160.945 Thread 0x0000000019955000 20403 %     3       org.gradle.api.internal.tasks.compile.ApiMemberSelector::visitAnnotationMembers @ 7 (90 bytes)
Event: 2160.946 Thread 0x0000000019955000 nmethod 20403% 0x0000000006566b10 code [0x0000000006566d00, 0x0000000006567958]
Event: 2160.969 Thread 0x0000000019955000 20404       3       org.gradle.api.internal.tasks.compile.ApiMemberSelector::visitAnnotationMembers (90 bytes)
Event: 2160.970 Thread 0x0000000019955000 nmethod 20404 0x00000000065659d0 code [0x0000000006565bc0, 0x0000000006566798]
Event: 2161.017 Thread 0x0000000019955000 20407       2       org.objectweb.asm.SymbolTable::addConstantLongOrDouble (109 bytes)
Event: 2161.017 Thread 0x0000000019955000 nmethod 20407 0x0000000006565150 code [0x0000000006565300, 0x00000000065656d8]
Event: 2161.018 Thread 0x0000000019955000 20408       2       org.objectweb.asm.SymbolTable::hash (14 bytes)
Event: 2161.018 Thread 0x0000000019955000 nmethod 20408 0x000000000653b3d0 code [0x000000000653b520, 0x000000000653b670]

GC Heap History (10 events):
Event: 2153.205 GC heap before
{Heap before GC invocations=24 (full 4):
 PSYoungGen      total 326144K, used 294917K [0x00000000d5580000, 0x00000000eff80000, 0x0000000100000000)
  eden space 290816K, 100% used [0x00000000d5580000,0x00000000e7180000,0x00000000e7180000)
  from space 35328K, 11% used [0x00000000e7180000,0x00000000e75814c0,0x00000000e9400000)
  to   space 35840K, 0% used [0x00000000edc80000,0x00000000edc80000,0x00000000eff80000)
 ParOldGen       total 292864K, used 60823K [0x0000000080000000, 0x0000000091e00000, 0x00000000d5580000)
  object space 292864K, 20% used [0x0000000080000000,0x0000000083b65fd0,0x0000000091e00000)
 Metaspace       used 96458K, capacity 100812K, committed 103576K, reserved 1138688K
  class space    used 12558K, capacity 13414K, committed 14000K, reserved 1048576K
Event: 2153.214 GC heap after
Heap after GC invocations=24 (full 4):
 PSYoungGen      total 393216K, used 8630K [0x00000000d5580000, 0x00000000efb00000, 0x0000000100000000)
  eden space 361984K, 0% used [0x00000000d5580000,0x00000000d5580000,0x00000000eb700000)
  from space 31232K, 27% used [0x00000000edc80000,0x00000000ee4edbc0,0x00000000efb00000)
  to   space 34816K, 0% used [0x00000000eb700000,0x00000000eb700000,0x00000000ed900000)
 ParOldGen       total 292864K, used 63522K [0x0000000080000000, 0x0000000091e00000, 0x00000000d5580000)
  object space 292864K, 21% used [0x0000000080000000,0x0000000083e089e8,0x0000000091e00000)
 Metaspace       used 96458K, capacity 100812K, committed 103576K, reserved 1138688K
  class space    used 12558K, capacity 13414K, committed 14000K, reserved 1048576K
}
Event: 2153.868 GC heap before
{Heap before GC invocations=25 (full 4):
 PSYoungGen      total 393216K, used 370614K [0x00000000d5580000, 0x00000000efb00000, 0x0000000100000000)
  eden space 361984K, 100% used [0x00000000d5580000,0x00000000eb700000,0x00000000eb700000)
  from space 31232K, 27% used [0x00000000edc80000,0x00000000ee4edbc0,0x00000000efb00000)
  to   space 34816K, 0% used [0x00000000eb700000,0x00000000eb700000,0x00000000ed900000)
 ParOldGen       total 292864K, used 63522K [0x0000000080000000, 0x0000000091e00000, 0x00000000d5580000)
  object space 292864K, 21% used [0x0000000080000000,0x0000000083e089e8,0x0000000091e00000)
 Metaspace       used 96745K, capacity 101112K, committed 103832K, reserved 1138688K
  class space    used 12559K, capacity 13414K, committed 14000K, reserved 1048576K
Event: 2153.877 GC heap after
Heap after GC invocations=25 (full 4):
 PSYoungGen      total 396800K, used 3552K [0x00000000d5580000, 0x00000000f4c00000, 0x0000000100000000)
  eden space 361984K, 0% used [0x00000000d5580000,0x00000000d5580000,0x00000000eb700000)
  from space 34816K, 10% used [0x00000000eb700000,0x00000000eba78010,0x00000000ed900000)
  to   space 34816K, 0% used [0x00000000f2a00000,0x00000000f2a00000,0x00000000f4c00000)
 ParOldGen       total 292864K, used 70915K [0x0000000080000000, 0x0000000091e00000, 0x00000000d5580000)
  object space 292864K, 24% used [0x0000000080000000,0x0000000084540fe8,0x0000000091e00000)
 Metaspace       used 96745K, capacity 101112K, committed 103832K, reserved 1138688K
  class space    used 12559K, capacity 13414K, committed 14000K, reserved 1048576K
}
Event: 2154.469 GC heap before
{Heap before GC invocations=26 (full 4):
 PSYoungGen      total 396800K, used 365536K [0x00000000d5580000, 0x00000000f4c00000, 0x0000000100000000)
  eden space 361984K, 100% used [0x00000000d5580000,0x00000000eb700000,0x00000000eb700000)
  from space 34816K, 10% used [0x00000000eb700000,0x00000000eba78010,0x00000000ed900000)
  to   space 34816K, 0% used [0x00000000f2a00000,0x00000000f2a00000,0x00000000f4c00000)
 ParOldGen       total 292864K, used 70915K [0x0000000080000000, 0x0000000091e00000, 0x00000000d5580000)
  object space 292864K, 24% used [0x0000000080000000,0x0000000084540fe8,0x0000000091e00000)
 Metaspace       used 96829K, capacity 101208K, committed 103832K, reserved 1138688K
  class space    used 12562K, capacity 13418K, committed 14000K, reserved 1048576K
Event: 2154.477 GC heap after
Heap after GC invocations=26 (full 4):
 PSYoungGen      total 469504K, used 3616K [0x00000000d5580000, 0x00000000f4680000, 0x0000000100000000)
  eden space 440320K, 0% used [0x00000000d5580000,0x00000000d5580000,0x00000000f0380000)
  from space 29184K, 12% used [0x00000000f2a00000,0x00000000f2d88000,0x00000000f4680000)
  to   space 34304K, 0% used [0x00000000f0380000,0x00000000f0380000,0x00000000f2500000)
 ParOldGen       total 292864K, used 73876K [0x0000000080000000, 0x0000000091e00000, 0x00000000d5580000)
  object space 292864K, 25% used [0x0000000080000000,0x0000000084825300,0x0000000091e00000)
 Metaspace       used 96829K, capacity 101208K, committed 103832K, reserved 1138688K
  class space    used 12562K, capacity 13418K, committed 14000K, reserved 1048576K
}
Event: 2155.125 GC heap before
{Heap before GC invocations=27 (full 4):
 PSYoungGen      total 469504K, used 443936K [0x00000000d5580000, 0x00000000f4680000, 0x0000000100000000)
  eden space 440320K, 100% used [0x00000000d5580000,0x00000000f0380000,0x00000000f0380000)
  from space 29184K, 12% used [0x00000000f2a00000,0x00000000f2d88000,0x00000000f4680000)
  to   space 34304K, 0% used [0x00000000f0380000,0x00000000f0380000,0x00000000f2500000)
 ParOldGen       total 292864K, used 73876K [0x0000000080000000, 0x0000000091e00000, 0x00000000d5580000)
  object space 292864K, 25% used [0x0000000080000000,0x0000000084825300,0x0000000091e00000)
 Metaspace       used 97087K, capacity 101458K, committed 104088K, reserved 1138688K
  class space    used 12563K, capacity 13421K, committed 14000K, reserved 1048576K
Event: 2155.134 GC heap after
Heap after GC invocations=27 (full 4):
 PSYoungGen      total 474624K, used 8135K [0x00000000d5580000, 0x00000000f9e00000, 0x0000000100000000)
  eden space 440320K, 0% used [0x00000000d5580000,0x00000000d5580000,0x00000000f0380000)
  from space 34304K, 23% used [0x00000000f0380000,0x00000000f0b71ce8,0x00000000f2500000)
  to   space 33280K, 0% used [0x00000000f7d80000,0x00000000f7d80000,0x00000000f9e00000)
 ParOldGen       total 292864K, used 76609K [0x0000000080000000, 0x0000000091e00000, 0x00000000d5580000)
  object space 292864K, 26% used [0x0000000080000000,0x0000000084ad0668,0x0000000091e00000)
 Metaspace       used 97087K, capacity 101458K, committed 104088K, reserved 1138688K
  class space    used 12563K, capacity 13421K, committed 14000K, reserved 1048576K
}
Event: 2157.909 GC heap before
{Heap before GC invocations=28 (full 4):
 PSYoungGen      total 474624K, used 448455K [0x00000000d5580000, 0x00000000f9e00000, 0x0000000100000000)
  eden space 440320K, 100% used [0x00000000d5580000,0x00000000f0380000,0x00000000f0380000)
  from space 34304K, 23% used [0x00000000f0380000,0x00000000f0b71ce8,0x00000000f2500000)
  to   space 33280K, 0% used [0x00000000f7d80000,0x00000000f7d80000,0x00000000f9e00000)
 ParOldGen       total 292864K, used 76609K [0x0000000080000000, 0x0000000091e00000, 0x00000000d5580000)
  object space 292864K, 26% used [0x0000000080000000,0x0000000084ad0668,0x0000000091e00000)
 Metaspace       used 98058K, capacity 102680K, committed 104856K, reserved 1140736K
  class space    used 12660K, capacity 13552K, committed 14000K, reserved 1048576K
Event: 2157.918 GC heap after
Heap after GC invocations=28 (full 4):
 PSYoungGen      total 543744K, used 3199K [0x00000000d5580000, 0x00000000f9300000, 0x0000000100000000)
  eden space 521728K, 0% used [0x00000000d5580000,0x00000000d5580000,0x00000000f5300000)
  from space 22016K, 14% used [0x00000000f7d80000,0x00000000f809fd10,0x00000000f9300000)
  to   space 32768K, 0% used [0x00000000f5300000,0x00000000f5300000,0x00000000f7300000)
 ParOldGen       total 292864K, used 79737K [0x0000000080000000, 0x0000000091e00000, 0x00000000d5580000)
  object space 292864K, 27% used [0x0000000080000000,0x0000000084dde448,0x0000000091e00000)
 Metaspace       used 98058K, capacity 102680K, committed 104856K, reserved 1140736K
  class space    used 12660K, capacity 13552K, committed 14000K, reserved 1048576K
}

Deoptimization events (10 events):
Event: 2159.745 Thread 0x000000001cace000 Uncommon trap: reason=unstable_if action=reinterpret pc=0x00000000042d5438 method=org.objectweb.asm.MethodWriter.visitMaxs(II)V @ 35
Event: 2159.808 Thread 0x000000001cace000 Uncommon trap: reason=unstable_if action=reinterpret pc=0x000000000367c97c method=org.objectweb.asm.MethodWriter.computeMethodInfoSize()I @ 451
Event: 2159.808 Thread 0x000000001cace000 Uncommon trap: reason=unstable_if action=reinterpret pc=0x0000000004198ddc method=org.objectweb.asm.MethodWriter.putMethodInfo(Lorg/objectweb/asm/ByteVector;)V @ 190
Event: 2159.822 Thread 0x000000001cace000 Uncommon trap: reason=unstable_if action=reinterpret pc=0x000000000356f6b4 method=org.objectweb.asm.Type.getArgumentsAndReturnSizes(Ljava/lang/String;)I @ 25
Event: 2159.827 Thread 0x000000001cace000 Uncommon trap: reason=unstable_if action=reinterpret pc=0x000000000379e2bc method=org.objectweb.asm.MethodWriter.<init>(Lorg/objectweb/asm/SymbolTable;ILjava/lang/String;Ljava/lang/String;Ljava/lang/String;[Ljava/lang/String;I)V @ 100
Event: 2159.962 Thread 0x000000001cace000 Uncommon trap: reason=unstable_if action=reinterpret pc=0x0000000003d8c70c method=org.objectweb.asm.ClassReader.readUtf(II[C)Ljava/lang/String; @ 41
Event: 2159.978 Thread 0x000000001cace000 Uncommon trap: reason=unstable_if action=reinterpret pc=0x0000000003c561a0 method=org.objectweb.asm.ClassReader.readUtf(II[C)Ljava/lang/String; @ 41
Event: 2159.980 Thread 0x000000001cace000 Uncommon trap: reason=unstable_if action=reinterpret pc=0x0000000004158228 method=org.objectweb.asm.ByteVector.putUTF8(Ljava/lang/String;)Lorg/objectweb/asm/ByteVector; @ 100
Event: 2159.980 Thread 0x000000001cace000 Uncommon trap: reason=unstable_if action=reinterpret pc=0x0000000005267bbc method=org.objectweb.asm.ByteVector.encodeUtf8(Ljava/lang/String;II)Lorg/objectweb/asm/ByteVector; @ 208
Event: 2160.451 Thread 0x000000001cace000 Uncommon trap: reason=unstable_if action=reinterpret pc=0x00000000036de934 method=org.objectweb.asm.ByteVector.putUTF8(Ljava/lang/String;)Lorg/objectweb/asm/ByteVector; @ 100

Classes redefined (0 events):
No events

Internal exceptions (10 events):
Event: 2159.661 Thread 0x000000001cac8000 Exception <a 'sun/nio/fs/WindowsException'> (0x00000000db945390) thrown at [C:\src\AOSP-openjdk-git\hotspot\src\share\vm\prims\jni.cpp, line 710]
Event: 2159.667 Thread 0x000000001cac6000 Exception <a 'sun/nio/fs/WindowsException'> (0x00000000dc006908) thrown at [C:\src\AOSP-openjdk-git\hotspot\src\share\vm\prims\jni.cpp, line 710]
Event: 2159.671 Thread 0x000000001cacd800 Exception <a 'sun/nio/fs/WindowsException'> (0x00000000db89d5b0) thrown at [C:\src\AOSP-openjdk-git\hotspot\src\share\vm\prims\jni.cpp, line 710]
Event: 2159.672 Thread 0x000000001d87f800 Exception <a 'sun/nio/fs/WindowsException'> (0x00000000d603edc0) thrown at [C:\src\AOSP-openjdk-git\hotspot\src\share\vm\prims\jni.cpp, line 710]
Event: 2159.672 Thread 0x000000001cace000 Exception <a 'sun/nio/fs/WindowsException'> (0x00000000dbdb85e0) thrown at [C:\src\AOSP-openjdk-git\hotspot\src\share\vm\prims\jni.cpp, line 710]
Event: 2159.679 Thread 0x000000001f630800 Exception <a 'sun/nio/fs/WindowsException'> (0x00000000dc098838) thrown at [C:\src\AOSP-openjdk-git\hotspot\src\share\vm\prims\jni.cpp, line 710]
Event: 2159.679 Thread 0x000000001d881000 Exception <a 'sun/nio/fs/WindowsException'> (0x00000000d5a035f8) thrown at [C:\src\AOSP-openjdk-git\hotspot\src\share\vm\prims\jni.cpp, line 710]
Event: 2159.691 Thread 0x000000001f62f000 Exception <a 'sun/nio/fs/WindowsException'> (0x00000000db9daf18) thrown at [C:\src\AOSP-openjdk-git\hotspot\src\share\vm\prims\jni.cpp, line 710]
Event: 2159.691 Thread 0x000000001d87c800 Exception <a 'sun/nio/fs/WindowsException'> (0x00000000dbb06b80) thrown at [C:\src\AOSP-openjdk-git\hotspot\src\share\vm\prims\jni.cpp, line 710]
Event: 2159.700 Thread 0x000000001f62d000 Exception <a 'sun/nio/fs/WindowsException'> (0x00000000db814858) thrown at [C:\src\AOSP-openjdk-git\hotspot\src\share\vm\prims\jni.cpp, line 710]

Events (10 events):
Event: 2160.621 Thread 0x000000001cace000 DEOPT PACKING pc=0x00000000064c02e4 sp=0x000000002acdc470
Event: 2160.621 Thread 0x000000001cace000 DEOPT UNPACKING pc=0x00000000030375d0 sp=0x000000002acdc1c8 mode 0
Event: 2160.642 Thread 0x000000001cace000 DEOPT PACKING pc=0x00000000064c02e4 sp=0x000000002acdc470
Event: 2160.642 Thread 0x000000001cace000 DEOPT UNPACKING pc=0x00000000030375d0 sp=0x000000002acdc1c8 mode 0
Event: 2160.667 Thread 0x000000001cace000 DEOPT PACKING pc=0x00000000064c02e4 sp=0x000000002acdc470
Event: 2160.667 Thread 0x000000001cace000 DEOPT UNPACKING pc=0x00000000030375d0 sp=0x000000002acdc1c8 mode 0
Event: 2160.697 Thread 0x000000001cace000 DEOPT PACKING pc=0x00000000064c02e4 sp=0x000000002acdc470
Event: 2160.697 Thread 0x000000001cace000 DEOPT UNPACKING pc=0x00000000030375d0 sp=0x000000002acdc1c8 mode 0
Event: 2160.726 Thread 0x000000001cace000 DEOPT PACKING pc=0x00000000064c02e4 sp=0x000000002acdc470
Event: 2160.726 Thread 0x000000001cace000 DEOPT UNPACKING pc=0x00000000030375d0 sp=0x000000002acdc1c8 mode 0


Dynamic libraries:
0x00007ff6cf240000 - 0x00007ff6cf271000 	C:\Program Files\Android\Android Studio\jre\bin\java.exe
0x00007ff872a00000 - 0x00007ff872bf0000 	C:\WINDOWS\SYSTEM32\ntdll.dll
0x00007ff871f60000 - 0x00007ff872012000 	C:\WINDOWS\System32\KERNEL32.DLL
0x00007ff8704f0000 - 0x00007ff870795000 	C:\WINDOWS\System32\KERNELBASE.dll
0x00007ff86a260000 - 0x00007ff86a2ef000 	C:\WINDOWS\SYSTEM32\apphelp.dll
0x00007ff870cb0000 - 0x00007ff870d53000 	C:\WINDOWS\System32\ADVAPI32.dll
0x00007ff870ab0000 - 0x00007ff870b4e000 	C:\WINDOWS\System32\msvcrt.dll
0x00007ff872370000 - 0x00007ff872407000 	C:\WINDOWS\System32\sechost.dll
0x00007ff871e40000 - 0x00007ff871f60000 	C:\WINDOWS\System32\RPCRT4.dll
0x00007ff872570000 - 0x00007ff872705000 	C:\WINDOWS\System32\USER32.dll
0x00007ff8707a0000 - 0x00007ff8707c1000 	C:\WINDOWS\System32\win32u.dll
0x00007ff872710000 - 0x00007ff872736000 	C:\WINDOWS\System32\GDI32.dll
0x00007ff870870000 - 0x00007ff870a06000 	C:\WINDOWS\System32\gdi32full.dll
0x00007ff870a10000 - 0x00007ff870aae000 	C:\WINDOWS\System32\msvcp_win.dll
0x00007ff86f990000 - 0x00007ff86fa8a000 	C:\WINDOWS\System32\ucrtbase.dll
0x00007ff8566f0000 - 0x00007ff856974000 	C:\WINDOWS\WinSxS\amd64_microsoft.windows.common-controls_6595b64144ccf1df_6.0.18362.1082_none_9e8193e1e45b25c1\COMCTL32.dll
0x00007ff8713a0000 - 0x00007ff8716d5000 	C:\WINDOWS\System32\combase.dll
0x00007ff8707d0000 - 0x00007ff870850000 	C:\WINDOWS\System32\bcryptPrimitives.dll
0x00007ff872020000 - 0x00007ff87204e000 	C:\WINDOWS\System32\IMM32.DLL
0x000000005bd00000 - 0x000000005bdd2000 	C:\Program Files\Android\Android Studio\jre\jre\bin\msvcr100.dll
0x000000005af70000 - 0x000000005b7bb000 	C:\Program Files\Android\Android Studio\jre\jre\bin\server\jvm.dll
0x00007ff872560000 - 0x00007ff872568000 	C:\WINDOWS\System32\PSAPI.DLL
0x00007ff84b1a0000 - 0x00007ff84b1a9000 	C:\WINDOWS\SYSTEM32\WSOCK32.dll
0x00007ff8677b0000 - 0x00007ff8677d4000 	C:\WINDOWS\SYSTEM32\WINMM.dll
0x00007ff865db0000 - 0x00007ff865dba000 	C:\WINDOWS\SYSTEM32\VERSION.dll
0x00007ff872160000 - 0x00007ff8721cf000 	C:\WINDOWS\System32\WS2_32.dll
0x00007ff8674d0000 - 0x00007ff8674fd000 	C:\WINDOWS\SYSTEM32\WINMMBASE.dll
0x00007ff8704a0000 - 0x00007ff8704ea000 	C:\WINDOWS\System32\cfgmgr32.dll
0x00007ff859940000 - 0x00007ff85994f000 	C:\Program Files\Android\Android Studio\jre\jre\bin\verify.dll
0x00007ff8598a0000 - 0x00007ff8598c9000 	C:\Program Files\Android\Android Studio\jre\jre\bin\java.dll
0x00007ff859820000 - 0x00007ff859836000 	C:\Program Files\Android\Android Studio\jre\jre\bin\zip.dll
0x00007ff871750000 - 0x00007ff871e37000 	C:\WINDOWS\System32\SHELL32.dll
0x00007ff872250000 - 0x00007ff8722f9000 	C:\WINDOWS\System32\shcore.dll
0x00007ff86fa90000 - 0x00007ff870210000 	C:\WINDOWS\System32\windows.storage.dll
0x00007ff86f8f0000 - 0x00007ff86f913000 	C:\WINDOWS\System32\profapi.dll
0x00007ff86f940000 - 0x00007ff86f98a000 	C:\WINDOWS\System32\powrprof.dll
0x00007ff86f8c0000 - 0x00007ff86f8d0000 	C:\WINDOWS\System32\UMPDC.dll
0x00007ff872050000 - 0x00007ff8720a2000 	C:\WINDOWS\System32\shlwapi.dll
0x00007ff86f8d0000 - 0x00007ff86f8e1000 	C:\WINDOWS\System32\kernel.appcore.dll
0x00007ff870850000 - 0x00007ff870867000 	C:\WINDOWS\System32\cryptsp.dll
0x00007ff858d90000 - 0x00007ff858daa000 	C:\Program Files\Android\Android Studio\jre\jre\bin\net.dll
0x00007ff86f0c0000 - 0x00007ff86f127000 	C:\WINDOWS\system32\mswsock.dll
0x00007ff8585f0000 - 0x00007ff858603000 	C:\Program Files\Android\Android Studio\jre\jre\bin\nio.dll
0x00007ff8549b0000 - 0x00007ff8549d6000 	C:\Users\Divya Rustagi\.gradle\native\31\windows-amd64\native-platform.dll
0x00007ff8590c0000 - 0x00007ff8590cd000 	C:\Program Files\Android\Android Studio\jre\jre\bin\management.dll
0x00007ff86ec40000 - 0x00007ff86ec73000 	C:\WINDOWS\system32\rsaenh.dll
0x00007ff870470000 - 0x00007ff870496000 	C:\WINDOWS\System32\bcrypt.dll
0x00007ff86f7a0000 - 0x00007ff86f7c5000 	C:\WINDOWS\SYSTEM32\USERENV.dll
0x00007ff86f240000 - 0x00007ff86f24c000 	C:\WINDOWS\SYSTEM32\CRYPTBASE.dll
0x00007ff86ede0000 - 0x00007ff86ee1a000 	C:\WINDOWS\SYSTEM32\IPHLPAPI.DLL
0x00007ff871740000 - 0x00007ff871748000 	C:\WINDOWS\System32\NSI.dll
0x00007ff865e40000 - 0x00007ff865e56000 	C:\WINDOWS\SYSTEM32\dhcpcsvc6.DLL
0x00007ff865e00000 - 0x00007ff865e1c000 	C:\WINDOWS\SYSTEM32\dhcpcsvc.DLL
0x00007ff86ee20000 - 0x00007ff86eeeb000 	C:\WINDOWS\SYSTEM32\DNSAPI.dll
0x00007ff855240000 - 0x00007ff855264000 	C:\Program Files\Android\Android Studio\jre\jre\bin\sunec.dll
0x00007ff865da0000 - 0x00007ff865daa000 	C:\Windows\System32\rasadhlp.dll
0x00007ff865030000 - 0x00007ff8650a7000 	C:\WINDOWS\System32\fwpuclnt.dll
0x00007ff858f20000 - 0x00007ff858f2b000 	C:\Program Files\Android\Android Studio\jre\jre\bin\sunmscapi.dll
0x00007ff870270000 - 0x00007ff8703b9000 	C:\WINDOWS\System32\CRYPT32.dll
0x00007ff86f920000 - 0x00007ff86f932000 	C:\WINDOWS\System32\MSASN1.dll

VM Arguments:
jvm_args: -Xmx2048m -Dfile.encoding=windows-1252 -Duser.country=IN -Duser.language=en -Duser.variant 
java_command: org.gradle.launcher.daemon.bootstrap.GradleDaemon 6.1.1
java_class_path (initial): C:\Users\Divya Rustagi\.gradle\wrapper\dists\gradle-6.1.1-all\cfmwm155h49vnt3hynmlrsdst\gradle-6.1.1\lib\gradle-launcher-6.1.1.jar
Launcher Type: SUN_STANDARD

Environment Variables:
PATH=C:\Program Files (x86)\Common Files\Oracle\Java\javapath;C:\Program Files (x86)\Intel\Intel(R) Management Engine Components\iCLS\;C:\Program Files\Intel\Intel(R) Management Engine Components\iCLS\;C:\Program Files (x86)\Common Files\Intel\Shared Libraries\redist\intel64\compiler;C:\Windows\system32;C:\Windows;C:\Windows\System32\Wbem;C:\Windows\System32\WindowsPowerShell\v1.0\;C:\Windows\System32\OpenSSH\;C:\Program Files (x86)\NVIDIA Corporation\PhysX\Common;C:\Program Files (x86)\Brackets\command;C:\Program Files (x86)\Intel\Intel(R) Management Engine Components\DAL;C:\Program Files\Intel\Intel(R) Management Engine Components\DAL;C:\Program Files\NVIDIA Corporation\NVIDIA NvDLISR;C:\WINDOWS\system32;C:\WINDOWS;C:\WINDOWS\System32\Wbem;C:\WINDOWS\System32\WindowsPowerShell\v1.0\;C:\WINDOWS\System32\OpenSSH\;C:\Program Files\nodejs\;C:\ProgramData\chocolatey\bin;C:\Program Files\Docker\Docker\resources\bin;C:\ProgramData\DockerDesktop\version-bin;C:\Program Files\Git\cmd;C:\Program Files\MySQL\MySQL Shell 8.0\bin\;C:\Users\Divya Rustagi\AppData\Local\Programs\Python\Python38-32\Scripts\;C:\Users\Divya Rustagi\AppData\Local\Programs\Python\Python38-32\;C:\Users\Divya Rustagi\AppData\Local\Microsoft\WindowsApps;C:\Users\Divya Rustagi\AppData\Local\GitHubDesktop\bin;C:\Users\Divya Rustagi\AppData\Local\Microsoft\WindowsApps;C:\Users\Divya Rustagi\AppData\Roaming\npm;C:\Users\Divya Rustagi\AppData\Local\Programs\Microsoft VS Code\bin;C:\Users\Divya Rustagi\Desktop\Divya\Sim\boost_1_73_0\boost_1_73_0\bin;C:\Program Files\JetBrains\IntelliJ IDEA 2020.1.1\bin;;C:\Users\Divya Rustagi\AppData\Roaming\TinyTeX\bin\win32
USERNAME=Divya Rustagi
OS=Windows_NT
PROCESSOR_IDENTIFIER=Intel64 Family 6 Model 158 Stepping 10, GenuineIntel



---------------  S Y S T E M  ---------------

OS: Windows 10.0 , 64 bit Build 18362 (10.0.18362.1082)

CPU:total 12 (initial active 12) (6 cores per cpu, 2 threads per core) family 6 model 158 stepping 10, cmov, cx8, fxsr, mmx, sse, sse2, sse3, ssse3, sse4.1, sse4.2, popcnt, avx, avx2, aes, clmul, erms, 3dnowpref, lzcnt, ht, tsc, tscinvbit, bmi1, bmi2, adx

Memory: 4k page, physical 16506040k(3177032k free), swap 16506040k(4116k free)

vm_info: OpenJDK 64-Bit Server VM (25.242-b01) for windows-amd64 JRE (1.8.0_242-release-1644-b01), built by "builder" with MS VC++ 10.0 (VS2010)

time: Wed Oct 07 00:59:45 2020
timezone: Eastern Daylight Time
elapsed time: 2161 seconds (0d 0h 36m 1s)

